mode: set
github.com/florianriquelme/sshjesus/internal/sshconfig/backend.go:27.47,29.16 2 1
github.com/florianriquelme/sshjesus/internal/sshconfig/backend.go:29.16,35.3 1 1
github.com/florianriquelme/sshjesus/internal/sshconfig/backend.go:37.2,39.8 1 1
github.com/florianriquelme/sshjesus/internal/sshconfig/backend.go:43.85,47.14 3 1
github.com/florianriquelme/sshjesus/internal/sshconfig/backend.go:47.14,53.3 1 1
github.com/florianriquelme/sshjesus/internal/sshconfig/backend.go:56.2,56.31 1 1
github.com/florianriquelme/sshjesus/internal/sshconfig/backend.go:56.31,57.22 1 1
github.com/florianriquelme/sshjesus/internal/sshconfig/backend.go:57.22,61.4 2 1
github.com/florianriquelme/sshjesus/internal/sshconfig/backend.go:64.2,68.3 1 1
github.com/florianriquelme/sshjesus/internal/sshconfig/backend.go:73.78,77.14 3 1
github.com/florianriquelme/sshjesus/internal/sshconfig/backend.go:77.14,83.3 1 1
github.com/florianriquelme/sshjesus/internal/sshconfig/backend.go:86.2,87.31 2 1
github.com/florianriquelme/sshjesus/internal/sshconfig/backend.go:87.31,90.3 2 1
github.com/florianriquelme/sshjesus/internal/sshconfig/backend.go:92.2,92.21 1 1
github.com/florianriquelme/sshjesus/internal/sshconfig/backend.go:96.87,100.14 3 1
github.com/florianriquelme/sshjesus/internal/sshconfig/backend.go:100.14,106.3 1 1
github.com/florianriquelme/sshjesus/internal/sshconfig/backend.go:108.2,112.3 1 1
github.com/florianriquelme/sshjesus/internal/sshconfig/backend.go:116.80,120.14 3 1
github.com/florianriquelme/sshjesus/internal/sshconfig/backend.go:120.14,126.3 1 1
github.com/florianriquelme/sshjesus/internal/sshconfig/backend.go:128.2,128.33 1 1
github.com/florianriquelme/sshjesus/internal/sshconfig/backend.go:132.93,136.14 3 1
github.com/florianriquelme/sshjesus/internal/sshconfig/backend.go:136.14,142.3 1 1
github.com/florianriquelme/sshjesus/internal/sshconfig/backend.go:144.2,148.3 1 1
github.com/florianriquelme/sshjesus/internal/sshconfig/backend.go:152.86,156.14 3 1
github.com/florianriquelme/sshjesus/internal/sshconfig/backend.go:156.14,162.3 1 1
github.com/florianriquelme/sshjesus/internal/sshconfig/backend.go:164.2,164.36 1 1
github.com/florianriquelme/sshjesus/internal/sshconfig/backend.go:168.33,174.2 4 1
github.com/florianriquelme/sshjesus/internal/sshconfig/backend.go:178.56,189.23 2 1
github.com/florianriquelme/sshjesus/internal/sshconfig/backend.go:189.23,191.3 1 1
github.com/florianriquelme/sshjesus/internal/sshconfig/backend.go:194.2,194.32 1 1
github.com/florianriquelme/sshjesus/internal/sshconfig/backend.go:194.32,196.3 1 1
github.com/florianriquelme/sshjesus/internal/sshconfig/backend.go:199.2,199.77 1 1
github.com/florianriquelme/sshjesus/internal/sshconfig/backend.go:199.77,201.3 1 1
github.com/florianriquelme/sshjesus/internal/sshconfig/backend.go:204.2,204.28 1 1
github.com/florianriquelme/sshjesus/internal/sshconfig/backend.go:204.28,207.3 1 1
github.com/florianriquelme/sshjesus/internal/sshconfig/backend.go:207.8,207.34 1 1
github.com/florianriquelme/sshjesus/internal/sshconfig/backend.go:207.34,208.26 1 1
github.com/florianriquelme/sshjesus/internal/sshconfig/backend.go:208.26,210.4 1 0
github.com/florianriquelme/sshjesus/internal/sshconfig/backend.go:210.9,212.4 1 1
github.com/florianriquelme/sshjesus/internal/sshconfig/backend.go:215.2,215.15 1 1
github.com/florianriquelme/sshjesus/internal/sshconfig/backend.go:219.36,220.19 1 1
github.com/florianriquelme/sshjesus/internal/sshconfig/backend.go:220.19,222.3 1 1
github.com/florianriquelme/sshjesus/internal/sshconfig/backend.go:224.2,225.45 2 1
github.com/florianriquelme/sshjesus/internal/sshconfig/backend.go:225.45,227.3 1 1
github.com/florianriquelme/sshjesus/internal/sshconfig/backend.go:229.2,229.13 1 1
github.com/florianriquelme/sshjesus/internal/sshconfig/parser.go:35.53,38.16 2 1
github.com/florianriquelme/sshjesus/internal/sshconfig/parser.go:38.16,40.3 1 0
github.com/florianriquelme/sshjesus/internal/sshconfig/parser.go:43.2,44.16 2 1
github.com/florianriquelme/sshjesus/internal/sshconfig/parser.go:44.16,46.3 1 1
github.com/florianriquelme/sshjesus/internal/sshconfig/parser.go:47.2,51.16 3 1
github.com/florianriquelme/sshjesus/internal/sshconfig/parser.go:51.16,55.45 2 1
github.com/florianriquelme/sshjesus/internal/sshconfig/parser.go:55.45,57.4 1 1
github.com/florianriquelme/sshjesus/internal/sshconfig/parser.go:59.3,65.9 1 1
github.com/florianriquelme/sshjesus/internal/sshconfig/parser.go:69.2,70.33 2 1
github.com/florianriquelme/sshjesus/internal/sshconfig/parser.go:70.33,72.30 1 1
github.com/florianriquelme/sshjesus/internal/sshconfig/parser.go:72.30,73.12 1 0
github.com/florianriquelme/sshjesus/internal/sshconfig/parser.go:77.3,93.35 3 1
github.com/florianriquelme/sshjesus/internal/sshconfig/parser.go:93.35,94.43 1 1
github.com/florianriquelme/sshjesus/internal/sshconfig/parser.go:94.43,102.16 4 1
github.com/florianriquelme/sshjesus/internal/sshconfig/parser.go:103.21,104.32 1 1
github.com/florianriquelme/sshjesus/internal/sshconfig/parser.go:104.32,106.7 1 1
github.com/florianriquelme/sshjesus/internal/sshconfig/parser.go:107.17,108.28 1 1
github.com/florianriquelme/sshjesus/internal/sshconfig/parser.go:108.28,110.7 1 1
github.com/florianriquelme/sshjesus/internal/sshconfig/parser.go:111.17,112.28 1 1
github.com/florianriquelme/sshjesus/internal/sshconfig/parser.go:112.28,114.7 1 1
github.com/florianriquelme/sshjesus/internal/sshconfig/parser.go:115.25,116.64 1 1
github.com/florianriquelme/sshjesus/internal/sshconfig/parser.go:122.3,122.98 1 1
github.com/florianriquelme/sshjesus/internal/sshconfig/parser.go:122.98,123.12 1 1
github.com/florianriquelme/sshjesus/internal/sshconfig/parser.go:126.3,126.33 1 1
github.com/florianriquelme/sshjesus/internal/sshconfig/parser.go:129.2,129.19 1 1
github.com/florianriquelme/sshjesus/internal/sshconfig/parser.go:134.58,136.29 2 1
github.com/florianriquelme/sshjesus/internal/sshconfig/parser.go:136.29,138.3 1 1
github.com/florianriquelme/sshjesus/internal/sshconfig/parser.go:139.2,139.33 1 1
github.com/florianriquelme/sshjesus/internal/sshconfig/parser.go:143.60,144.29 1 1
github.com/florianriquelme/sshjesus/internal/sshconfig/parser.go:144.29,146.59 2 1
github.com/florianriquelme/sshjesus/internal/sshconfig/parser.go:146.59,148.4 1 1
github.com/florianriquelme/sshjesus/internal/sshconfig/parser.go:150.2,150.14 1 1
github.com/florianriquelme/sshjesus/internal/sshconfig/parser.go:155.68,156.29 1 1
github.com/florianriquelme/sshjesus/internal/sshconfig/parser.go:156.29,157.22 1 1
github.com/florianriquelme/sshjesus/internal/sshconfig/parser.go:157.22,159.4 1 1
github.com/florianriquelme/sshjesus/internal/sshconfig/parser.go:159.9,161.4 1 1
github.com/florianriquelme/sshjesus/internal/sshconfig/parser.go:165.2,165.42 1 1
github.com/florianriquelme/sshjesus/internal/sshconfig/parser.go:165.42,167.3 1 1
github.com/florianriquelme/sshjesus/internal/sshconfig/parser.go:168.2,168.44 1 1
github.com/florianriquelme/sshjesus/internal/sshconfig/parser.go:168.44,170.3 1 1
github.com/florianriquelme/sshjesus/internal/sshconfig/parser.go:172.2,172.27 1 1
